<?xml version="1.0" encoding="UTF-8"?>
<testng-results ignored="0" total="1" passed="1" failed="0" skipped="0">
  <reporter-output>
  </reporter-output>
  <suite started-at="2024-08-11T13:15:09 IST" name="Default suite" finished-at="2024-08-11T13:15:22 IST" duration-ms="12660">
    <groups>
    </groups>
    <test started-at="2024-08-11T13:15:09 IST" name="Default test" finished-at="2024-08-11T13:15:22 IST" duration-ms="12660">
      <class name="com.mystore.testscripts.LoginPageTest">
        <test-method is-config="true" signature="beforeSuite()[pri:0, instance:com.mystore.testscripts.LoginPageTest@609cd4d8]" started-at="2024-08-11T13:15:09 IST" name="beforeSuite" finished-at="2024-08-11T13:15:09 IST" duration-ms="114" status="PASS">
          <reporter-output>
          </reporter-output>
        </test-method> <!-- beforeSuite -->
        <test-method is-config="true" signature="loadConfig()[pri:0, instance:com.mystore.testscripts.LoginPageTest@609cd4d8]" started-at="2024-08-11T13:15:09 IST" name="loadConfig" finished-at="2024-08-11T13:15:09 IST" duration-ms="1" status="PASS">
          <reporter-output>
          </reporter-output>
        </test-method> <!-- loadConfig -->
        <test-method is-config="true" signature="setup()[pri:0, instance:com.mystore.testscripts.LoginPageTest@609cd4d8]" started-at="2024-08-11T13:15:09 IST" name="setup" finished-at="2024-08-11T13:15:16 IST" depends-on-methods="com.mystore.base.BaseClass.loadConfig" duration-ms="6677" status="PASS">
          <reporter-output>
          </reporter-output>
        </test-method> <!-- setup -->
        <test-method signature="loginTest()[pri:0, instance:com.mystore.testscripts.LoginPageTest@609cd4d8]" started-at="2024-08-11T13:15:16 IST" name="loginTest" finished-at="2024-08-11T13:15:22 IST" duration-ms="5791" status="PASS">
          <reporter-output>
          </reporter-output>
        </test-method> <!-- loginTest -->
        <test-method is-config="true" signature="tearDown()[pri:0, instance:com.mystore.testscripts.LoginPageTest@609cd4d8]" started-at="2024-08-11T13:15:22 IST" name="tearDown" finished-at="2024-08-11T13:15:22 IST" duration-ms="162" status="PASS">
          <reporter-output>
          </reporter-output>
        </test-method> <!-- tearDown -->
      </class> <!-- com.mystore.testscripts.LoginPageTest -->
    </test> <!-- Default test -->
  </suite> <!-- Default suite -->
</testng-results>
